<?xml version="1.0" encoding="UTF-8"?>
<!-- Generated by org.testng.reporters.JUnitReportReporter -->
<testsuite hostname="LAPTOP-GRAU5R8R" failures="0" tests="2" name="New.Web" time="35.925" errors="0" timestamp="2023-05-19T18:41:49 EEST" skipped="0">
  <testcase classname="New.Web" name="Admin" time="14.451"/>
  <system-out/>
  <testcase classname="New.Web" name="Admin" time="21.474"/>
  <system-out/>
</testsuite> <!-- New.Web -->
