<?xml version="1.0" encoding="UTF-8"?>
<!-- Generated by org.testng.reporters.JUnitReportReporter -->
<testsuite hostname="LAPTOP-GRAU5R8R" failures="0" tests="4" name="New.DataP" time="37.145" errors="0" timestamp="2023-05-19T18:34:29 EEST" skipped="0">
  <testcase classname="New.DataP" name="Login" time="10.874"/>
  <system-out/>
  <testcase classname="New.DataP" name="Login" time="7.531"/>
  <system-out/>
  <testcase classname="New.DataP" name="Login" time="11.825"/>
  <system-out/>
  <testcase classname="New.DataP" name="Login" time="6.915"/>
  <system-out/>
</testsuite> <!-- New.DataP -->
