<?xml version="1.0" encoding="UTF-8"?>
<!-- Generated by org.testng.reporters.JUnitReportReporter -->
<testsuite hostname="LAPTOP-GRAU5R8R" failures="0" tests="2" name="Ng.EduI" time="0.003" errors="0" timestamp="2023-05-14T16:14:21 EEST" skipped="0">
  <testcase classname="Ng.EduI" name="WebLogoutEducationInsurance" time="0.003"/>
  <system-out/>
  <testcase classname="Ng.EduI" name="MobileLogoutEducationInsurance" time="0.000"/>
  <system-out/>
</testsuite> <!-- Ng.EduI -->
