<?xml version="1.0" encoding="UTF-8"?>
<!-- Generated by org.testng.reporters.JUnitReportReporter -->
<testsuite hostname="LAPTOP-GRAU5R8R" failures="0" tests="4" name="New.Obzaqoura" time="16.466" errors="0" timestamp="2023-05-19T14:37:25 EEST" skipped="3">
  <testcase classname="New.Obzaqoura" name="Multiple" time="16.466"/>
  <system-out/>
  <testcase classname="New.Obzaqoura" name="Radio">
    <skipped/>
  </testcase> <!-- Radio -->
  <system-out/>
  <testcase classname="New.Obzaqoura" name="Admin">
    <skipped/>
  </testcase> <!-- Admin -->
  <system-out/>
  <testcase classname="New.Obzaqoura" name="SelectBox">
    <skipped/>
  </testcase> <!-- SelectBox -->
  <system-out/>
</testsuite> <!-- New.Obzaqoura -->
