<?xml version="1.0" encoding="UTF-8"?>
<!-- Generated by org.testng.reporters.JUnitReportReporter -->
<testsuite hostname="LAPTOP-GRAU5R8R" failures="0" tests="4" name="Ng.LiI" time="0.023" errors="0" timestamp="2023-05-14T16:14:21 EEST" skipped="0">
  <testcase classname="Ng.LiI" name="MobileLogoutLifeInsurance" time="0.006"/>
  <system-out/>
  <testcase classname="Ng.LiI" name="MobileLoginLifeInsurance" time="0.008"/>
  <system-out/>
  <testcase classname="Ng.LiI" name="WebLoginLifeInsurance" time="0.003"/>
  <system-out/>
  <testcase classname="Ng.LiI" name="WebLogoutLifeInsurance" time="0.006"/>
  <system-out/>
</testsuite> <!-- Ng.LiI -->
