<?xml version="1.0" encoding="UTF-8"?>
<!-- Generated by org.testng.reporters.JUnitReportReporter -->
<testsuite hostname="LAPTOP-GRAU5R8R" failures="0" tests="2" name="Ng.DogI" time="0.016" errors="0" timestamp="2023-05-14T16:14:21 EEST" skipped="0">
  <testcase classname="Ng.DogI" name="WebLoginDogInsurance" time="0.011"/>
  <system-out/>
  <testcase classname="Ng.DogI" name="MobileLoginDogInsurance" time="0.005"/>
  <system-out/>
</testsuite> <!-- Ng.DogI -->
